
*** Running vivado
    with args -log design_1_axi_miner_0_0.vds -m64 -product Vivado -mode batch -messageDb vivado.pb -notrace -source design_1_axi_miner_0_0.tcl


****** Vivado v2025.1 (64-bit)
  **** SW Build 6140274 on Wed May 21 22:58:25 MDT 2025
  **** IP Build 6138677 on Thu May 22 03:10:11 MDT 2025
  **** SharedData Build 6139179 on Tue May 20 17:58:58 MDT 2025
  **** Start of session at: Mon Jun  8 02:35:35 2026
    ** Copyright 1986-2022 Xilinx, Inc. All Rights Reserved.
    ** Copyright 2022-2025 Advanced Micro Devices, Inc. All Rights Reserved.

source design_1_axi_miner_0_0.tcl -notrace
INFO: [IP_Flow 19-234] Refreshing IP repositories
INFO: [IP_Flow 19-1700] Loaded user IP repository '/home/bkanaley/csc-397-595-lab3-bmikek/rtl/axi_miner_1_0'.
INFO: [IP_Flow 19-1700] Loaded user IP repository '/home/bkanaley/csc-397-595-lab3-bmikek/neorv32/rtl/system_integration/neorv32_vivado_ip_work/packaged_ip'.
INFO: [IP_Flow 19-2313] Loaded Vivado IP repository '/home/bkanaley/Vivado/2025.1/Vivado/data/ip'.
Command: synth_design -top design_1_axi_miner_0_0 -part xc7a100tcsg324-1 -incremental_mode off -mode out_of_context
Starting synth_design
Attempting to get a license for feature 'Synthesis' and/or device 'xc7a100t'
INFO: [Common 17-349] Got license for feature 'Synthesis' and/or device 'xc7a100t'
INFO: [Device 21-403] Loading part xc7a100tcsg324-1
INFO: [Synth 8-7079] Multithreading enabled for synth_design using a maximum of 7 processes.
INFO: [Synth 8-7078] Launching helper process for spawning children vivado processes
INFO: [Synth 8-7075] Helper process launched with PID 30682

*** Running vivado
    with args -log design_1_axi_miner_0_0.vds -m64 -product Vivado -mode batch -messageDb vivado.pb -notrace -source design_1_axi_miner_0_0.tcl


****** Vivado v2025.1 (64-bit)
  **** SW Build 6140274 on Wed May 21 22:58:25 MDT 2025
  **** IP Build 6138677 on Thu May 22 03:10:11 MDT 2025
  **** SharedData Build 6139179 on Tue May 20 17:58:58 MDT 2025
  **** Start of session at: Mon Jun  8 02:42:01 2026
    ** Copyright 1986-2022 Xilinx, Inc. All Rights Reserved.
    ** Copyright 2022-2025 Advanced Micro Devices, Inc. All Rights Reserved.

source design_1_axi_miner_0_0.tcl -notrace
create_project: Time (s): cpu = 00:00:30 ; elapsed = 00:00:12 . Memory (MB): peak = 1569.207 ; gain = 64.059 ; free physical = 520 ; free virtual = 3628
INFO: [IP_Flow 19-234] Refreshing IP repositories
INFO: [IP_Flow 19-1700] Loaded user IP repository '/home/bkanaley/csc-397-595-lab3-bmikek/rtl/axi_miner_1_0'.
INFO: [IP_Flow 19-1700] Loaded user IP repository '/home/bkanaley/csc-397-595-lab3-bmikek/neorv32/rtl/system_integration/neorv32_vivado_ip_work/packaged_ip'.
INFO: [IP_Flow 19-2313] Loaded Vivado IP repository '/home/bkanaley/Vivado/2025.1/Vivado/data/ip'.
Command: synth_design -top design_1_axi_miner_0_0 -part xc7a100tcsg324-1 -incremental_mode off -mode out_of_context
Starting synth_design
Attempting to get a license for feature 'Synthesis' and/or device 'xc7a100t'
INFO: [Common 17-349] Got license for feature 'Synthesis' and/or device 'xc7a100t'
INFO: [Device 21-403] Loading part xc7a100tcsg324-1
INFO: [Synth 8-7079] Multithreading enabled for synth_design using a maximum of 7 processes.
INFO: [Synth 8-7078] Launching helper process for spawning children vivado processes
INFO: [Synth 8-7075] Helper process launched with PID 34373
---------------------------------------------------------------------------------
Starting RTL Elaboration : Time (s): cpu = 00:00:12 ; elapsed = 00:01:04 . Memory (MB): peak = 2120.309 ; gain = 442.766 ; free physical = 121 ; free virtual = 765
---------------------------------------------------------------------------------
WARNING: [Synth 8-6901] identifier 'miner_busy' is used before its declaration [/home/bkanaley/lab_3_jun_7/lab_3_jun_7.gen/sources_1/bd/design_1/ipshared/0821/hdl/axi_miner_slave_lite_v1_0_S00_AXI.v:327]
WARNING: [Synth 8-6901] identifier 'miner_nonce' is used before its declaration [/home/bkanaley/lab_3_jun_7/lab_3_jun_7.gen/sources_1/bd/design_1/ipshared/0821/hdl/axi_miner_slave_lite_v1_0_S00_AXI.v:327]
INFO: [Synth 8-6157] synthesizing module 'design_1_axi_miner_0_0' [/home/bkanaley/lab_3_jun_7/lab_3_jun_7.gen/sources_1/bd/design_1/ip/design_1_axi_miner_0_0/synth/design_1_axi_miner_0_0.v:53]
INFO: [Synth 8-6157] synthesizing module 'axi_miner' [/home/bkanaley/lab_3_jun_7/lab_3_jun_7.gen/sources_1/bd/design_1/ipshared/0821/hdl/axi_miner.v:4]
INFO: [Synth 8-6157] synthesizing module 'axi_miner_slave_lite_v1_0_S00_AXI' [/home/bkanaley/lab_3_jun_7/lab_3_jun_7.gen/sources_1/bd/design_1/ipshared/0821/hdl/axi_miner_slave_lite_v1_0_S00_AXI.v:4]
INFO: [Synth 8-155] case statement is not full and has no default [/home/bkanaley/lab_3_jun_7/lab_3_jun_7.gen/sources_1/bd/design_1/ipshared/0821/hdl/axi_miner_slave_lite_v1_0_S00_AXI.v:144]
INFO: [Synth 8-155] case statement is not full and has no default [/home/bkanaley/lab_3_jun_7/lab_3_jun_7.gen/sources_1/bd/design_1/ipshared/0821/hdl/axi_miner_slave_lite_v1_0_S00_AXI.v:292]
ERROR: [Synth 8-439] module 'miner' not found [/home/bkanaley/lab_3_jun_7/lab_3_jun_7.gen/sources_1/bd/design_1/ipshared/0821/hdl/axi_miner_slave_lite_v1_0_S00_AXI.v:333]
ERROR: [Synth 8-6156] failed synthesizing module 'axi_miner_slave_lite_v1_0_S00_AXI' [/home/bkanaley/lab_3_jun_7/lab_3_jun_7.gen/sources_1/bd/design_1/ipshared/0821/hdl/axi_miner_slave_lite_v1_0_S00_AXI.v:4]
ERROR: [Synth 8-6156] failed synthesizing module 'axi_miner' [/home/bkanaley/lab_3_jun_7/lab_3_jun_7.gen/sources_1/bd/design_1/ipshared/0821/hdl/axi_miner.v:4]
ERROR: [Synth 8-6156] failed synthesizing module 'design_1_axi_miner_0_0' [/home/bkanaley/lab_3_jun_7/lab_3_jun_7.gen/sources_1/bd/design_1/ip/design_1_axi_miner_0_0/synth/design_1_axi_miner_0_0.v:53]
---------------------------------------------------------------------------------
Finished RTL Elaboration : Time (s): cpu = 00:00:16 ; elapsed = 00:01:37 . Memory (MB): peak = 2198.277 ; gain = 520.734 ; free physical = 134 ; free virtual = 478
---------------------------------------------------------------------------------
RTL Elaboration failed
INFO: [Common 17-83] Releasing license: Synthesis
15 Infos, 2 Warnings, 0 Critical Warnings and 5 Errors encountered.
synth_design failed
ERROR: [Common 17-69] Command failed: Synthesis failed - please see the console or run log file for details
INFO: [Common 17-206] Exiting Vivado at Mon Jun  8 02:45:33 2026...
